<?xml version="1.0" encoding="UTF-8"?>
<!-- Generated by org.testng.reporters.JUnitXMLReporter -->
<testsuite hostname="NOICLT66" name="Create Intake |Associate Qualification|Import Trainee" tests="2" failures="0" timestamp="5 Jan 2016 05:36:05 GMT" time="83.341" errors="0">
  <testcase name="createIntake" time="56.013" classname="com.excelsoft.testautomation.TC_ABMS_admin_CreateIntake_AssociateQual"/>
  <testcase name="tc_abms_importTrainee" time="15.437" classname="com.excelsoft.testautomation.TC_ABMS_admin_ImportTrainee"/>
</testsuite> <!-- Create Intake |Associate Qualification|Import Trainee -->
