<?xml version="1.0" encoding="UTF-8"?>
<!-- Generated by org.testng.reporters.JUnitXMLReporter -->
<testsuite hostname="NOICLT66" name="Create Cohort | Assessment Booking" tests="4" failures="0" timestamp="5 Jan 2016 05:40:50 GMT" time="285.384" errors="0">
  <testcase name="tc_CreateCohort" time="109.966" classname="com.excelsoft.testautomation.TC_ABMS_centeradmin_Cohort_Create"/>
  <testcase name="tc_createBooking" time="83.803" classname="com.excelsoft.testautomation.TC_ABMS_centeradmin_CBT_Assessment_create"/>
  <testcase name="tc_createBooking" time="84.038" classname="com.excelsoft.testautomation.TC_ABMS_centeradmin_Capstone_Assessment_create"/>
  <testcase name="insertdata" time="4.263" classname="com.excelsoft.testautomation.TC_ABMS_InsertGradeintable"/>
</testsuite> <!-- Create Cohort | Assessment Booking -->
