<?xml version="1.0" encoding="UTF-8"?>
<!-- Generated by org.testng.reporters.JUnitXMLReporter -->
<testsuite hostname="NOICLT66" name="Create_Cbt_booking" tests="2" failures="0" timestamp="11 Dec 2015 07:27:42 GMT" time="256.817" errors="0">
  <testcase name="tc_createBooking" time="90.766" classname="com.excelsoft.testautomation.TC_ABMS_centeradmin_CBT_Assessment_create"/>
  <testcase name="tc_createBooking" time="102.221" classname="com.excelsoft.testautomation.TC_ABMS_centeradmin_Capstone_Assessment_create"/>
</testsuite> <!-- Create_Cbt_booking -->
