<?xml version="1.0" encoding="UTF-8"?>
<!-- Generated by org.testng.reporters.JUnitXMLReporter -->
<testsuite hostname="NOICLT66" name="Create_Cohort_booking" tests="4" failures="0" timestamp="4 Jan 2016 07:17:52 GMT" time="225.323" errors="0">
  <testcase name="tc_CreateCohort" time="76.504" classname="com.excelsoft.testautomation.TC_ABMS_centeradmin_Cohort_Create"/>
  <testcase name="tc_createBooking" time="66.656" classname="com.excelsoft.testautomation.TC_ABMS_centeradmin_CBT_Assessment_create"/>
  <testcase name="tc_createBooking" time="78.346" classname="com.excelsoft.testautomation.TC_ABMS_centeradmin_Capstone_Assessment_create"/>
  <testcase name="insertdata" time="0.562" classname="com.excelsoft.testautomation.TC_ABMS_InsertGradeintable"/>
</testsuite> <!-- Create_Cohort_booking -->
