<?xml version="1.0" encoding="UTF-8"?>
<!-- Generated by org.testng.reporters.JUnitXMLReporter -->
<testsuite hostname="NOICLT66" name="Create_Cohort" tests="3" failures="0" timestamp="17 Dec 2015 05:45:27 GMT" time="273.172" errors="0">
  <testcase name="tc_CreateCohort" time="94.268" classname="com.excelsoft.testautomation.TC_ABMS_centeradmin_Cohort_Create"/>
  <testcase name="tc_createBooking" time="83.684" classname="com.excelsoft.testautomation.TC_ABMS_centeradmin_CBT_Assessment_create"/>
  <testcase name="tc_createBooking" time="89.092" classname="com.excelsoft.testautomation.TC_ABMS_centeradmin_Capstone_Assessment_create"/>
</testsuite> <!-- Create_Cohort -->
