<?xml version="1.0" encoding="UTF-8"?>
<!-- Generated by org.testng.reporters.JUnitXMLReporter -->
<testsuite hostname="NOICLT66" name="Create Appeal and Malpractice" tests="3" failures="0" timestamp="5 Jan 2016 05:44:49 GMT" time="190.172" errors="0">
  <testcase name="createAppeal" time="94.469" classname="com.excelsoft.testautomation.TC_ABMS_centeradmin_Appeal_Create"/>
  <testcase name="generateProvisonalResult" time="47.538" classname="com.excelsoft.testautomation.TC_ABMS_Malpractice_Create"/>
  <testcase name="generateProvisonalResult" time="44.898" classname="com.excelsoft.testautomation.TC_ABMS_GenerateProvisonalResult"/>
</testsuite> <!-- Create Appeal and Malpractice -->
