<?xml version="1.0" encoding="UTF-8"?>
<!-- Generated by org.testng.reporters.JUnitXMLReporter -->
<testsuite hostname="NOICLT66" name="Import Trainee" tests="2" failures="0" timestamp="4 Jan 2016 07:14:07 GMT" time="73.568" errors="0">
  <testcase name="createIntake" time="50.878" classname="com.excelsoft.testautomation.TC_ABMS_admin_CreateIntake_AssociateQual"/>
  <testcase name="tc_abms_importTrainee" time="13.91" classname="com.excelsoft.testautomation.TC_ABMS_admin_ImportTrainee"/>
</testsuite> <!-- Import Trainee -->
