<?xml version="1.0" encoding="UTF-8"?>
<!-- Generated by org.testng.reporters.JUnitXMLReporter -->
<testsuite hostname="NOICLT66" name="Manual adjustment|Final Result |Certificate generation" tests="2" failures="0" timestamp="5 Jan 2016 05:46:47 GMT" time="118.025" errors="0">
  <testcase name="generateFinalResult" time="61.903" classname="com.excelsoft.testautomation.TC_ABMS_GenerateFinalResult_manualadjustments"/>
  <testcase name="generateCertificate" time="51.37" classname="com.excelsoft.testautomation.TC_ABMS_TraineeGenerateCertificateBulk"/>
</testsuite> <!-- Manual adjustment|Final Result |Certificate generation -->
